00:00:00.754704 VirtualBox GUI VM Selector Window 7.0.4 r154605 linux.amd64 (Nov 18 2022 12:54:46) release log
00:00:00.754706 Log opened 2022-11-22T02:59:49.048775000Z
00:00:00.754707 Build Type: release
00:00:00.754709 OS Product: Linux
00:00:00.754710 OS Release: 6.0.9-arch1-1
00:00:00.754711 OS Version: #1 SMP PREEMPT_DYNAMIC Wed, 16 Nov 2022 17:01:17 +0000
00:00:00.754736 DMI Product Name: K43SD
00:00:00.754745 DMI Product Version: 1.0       
00:00:00.754750 Firmware type: UEFI
00:00:00.754759 Secure Boot: Disabled
00:00:00.754796 Host RAM: 7851MB (7.6GB) total, 6870MB (6.7GB) available
00:00:00.754799 Executable: /usr/lib/virtualbox/VirtualBox
00:00:00.754800 Process ID: 274202
00:00:00.754800 Package type: LINUX_64BITS_GENERIC (OSE)
00:00:00.754861 Qt version: 5.15.7
00:00:00.756020 GUI: UIMediumEnumerator: Initial medium-enumeration finished!
00:00:00.775300 GUI: UIMediumEnumerator: Medium-enumeration started...
00:00:01.703403 GUI: UIDesktopWidgetWatchdog::sltHandleHostScreenAvailableGeometryCalculated: Screen 0 work area is actually resized to: 0x27 x 1920x1053
00:00:01.761724 GUI: UIMediumEnumerator: Medium-enumeration finished!
00:05:18.711319 GUI: UIMediumEnumerator: Medium-enumeration finished!
00:05:24.381193 GUI: UICommon: Handling aboutToQuit request..
00:05:25.274337 GUI: UICommon: aboutToQuit request handled!
