=========================
Fcitx 5.0.19 -- Get Signal No.: 6
Date: try "date -d @1668311802" if you are using GNU date ***
ProcessID: 2466
/usr/bin/fcitx5(+0x12d9c)[0x55deb66c6d9c]
/usr/lib/libc.so.6(+0x38a00)[0x7fd7cc251a00]
/usr/lib/libc.so.6(+0x8864c)[0x7fd7cc2a164c]
/usr/lib/libc.so.6(gsignal+0x18)[0x7fd7cc251958]
/usr/lib/libc.so.6(abort+0xd7)[0x7fd7cc23b53d]
/usr/lib/libFcitx5Utils.so.2(+0x2967f)[0x7fd7cc77c67f]
/usr/lib/libsystemd.so.0(+0x28143)[0x7fd7cc165143]
/usr/lib/libsystemd.so.0(+0x2805f)[0x7fd7cc16505f]
/usr/lib/libsystemd.so.0(+0x27ee2)[0x7fd7cc164ee2]
/usr/lib/libsystemd.so.0(+0x2805f)[0x7fd7cc16505f]
/usr/lib/libsystemd.so.0(+0x27ee2)[0x7fd7cc164ee2]
/usr/lib/libsystemd.so.0(+0x2805f)[0x7fd7cc16505f]
/usr/lib/libsystemd.so.0(+0x27ee2)[0x7fd7cc164ee2]
/usr/lib/libsystemd.so.0(+0x2805f)[0x7fd7cc16505f]
/usr/lib/libsystemd.so.0(+0x27ee2)[0x7fd7cc164ee2]
/usr/lib/libsystemd.so.0(+0x2805f)[0x7fd7cc16505f]
/usr/lib/libsystemd.so.0(+0x27ee2)[0x7fd7cc164ee2]
/usr/lib/libsystemd.so.0(+0x2805f)[0x7fd7cc16505f]
/usr/lib/libsystemd.so.0(+0x27d2b)[0x7fd7cc164d2b]
/usr/lib/libsystemd.so.0(+0x281df)[0x7fd7cc1651df]
/usr/lib/libsystemd.so.0(+0x41d78)[0x7fd7cc17ed78]
/usr/lib/libsystemd.so.0(+0x48b52)[0x7fd7cc185b52]
/usr/lib/libsystemd.so.0(+0x4aa68)[0x7fd7cc187a68]
/usr/lib/libsystemd.so.0(+0x7e844)[0x7fd7cc1bb844]
/usr/lib/libsystemd.so.0(sd_event_dispatch+0x116)[0x7fd7cc1bba26]
/usr/lib/libsystemd.so.0(sd_event_run+0x119)[0x7fd7cc1bcf59]
/usr/lib/libsystemd.so.0(sd_event_loop+0x60)[0x7fd7cc1bd130]
/usr/lib/libFcitx5Utils.so.2(_ZN5fcitx9EventLoop4execEv+0x16)[0x7fd7cc78feb6]
/usr/lib/libFcitx5Core.so.7(_ZN5fcitx8Instance4execEv+0x57)[0x7fd7cc8530e7]
/usr/bin/fcitx5(+0x10fa0)[0x55deb66c4fa0]
/usr/lib/libc.so.6(+0x23290)[0x7fd7cc23c290]
/usr/lib/libc.so.6(__libc_start_main+0x8a)[0x7fd7cc23c34a]
